<?xml version="1.0" encoding="UTF-8"?>
<!-- Generated by org.testng.reporters.JUnitXMLReporter -->
<testsuite hostname="INW-169" ignored="2" name="Test2" tests="2" failures="0" timestamp="07 Jun 2019 07:34:14 GMT" time="5.2" errors="0">
  <testcase name="createSession" time="4.565" classname="Xira.Projects"/>
  <testcase name="getProject" time="0.558" classname="Xira.Projects"/>
  <testcase name="getAllProjects" time="0.0" classname="Xira.Projects">
    <ignored/>
  </testcase> <!-- getAllProjects -->
  <testcase name="updateProject" time="0.0" classname="Xira.Projects">
    <ignored/>
  </testcase> <!-- updateProject -->
</testsuite> <!-- Test2 -->
