<?xml version="1.0" encoding="UTF-8"?>
<!-- Generated by org.testng.reporters.JUnitXMLReporter -->
<testsuite hostname="INW-169" ignored="3" name="Test4" tests="2" failures="0" timestamp="07 Jun 2019 15:14:14 GMT" time="8.152" errors="0">
  <testcase name="createSession" time="5.297" classname="Xira.Projects"/>
  <testcase name="createProject" time="2.776" classname="Xira.Projects"/>
  <testcase name="getProject" time="0.0" classname="Xira.Projects">
    <ignored/>
  </testcase> <!-- getProject -->
  <testcase name="deleteProject" time="0.0" classname="Xira.Projects">
    <ignored/>
  </testcase> <!-- deleteProject -->
  <testcase name="updateProject" time="0.0" classname="Xira.Projects">
    <ignored/>
  </testcase> <!-- updateProject -->
</testsuite> <!-- Test4 -->
