<?xml version="1.0" encoding="UTF-8"?>
<!-- Generated by org.testng.reporters.JUnitXMLReporter -->
<testsuite hostname="INW-169" ignored="2" name="Test" tests="1" failures="0" timestamp="10 Jun 2019 09:23:02 GMT" time="4.266" errors="0">
  <testcase name="createSession" time="4.18" classname="Rough.Rough1"/>
  <testcase name="createProject" time="0.0" classname="Rough.Rough1">
    <ignored/>
  </testcase> <!-- createProject -->
  <testcase name="getAllProjects" time="0.0" classname="Rough.Rough1">
    <ignored/>
  </testcase> <!-- getAllProjects -->
</testsuite> <!-- Test -->
