<?xml version="1.0" encoding="UTF-8"?>
<!-- Generated by org.testng.reporters.JUnitXMLReporter -->
<testsuite hostname="INW-169" ignored="3" name="Test3" tests="2" failures="0" timestamp="10 Jun 2019 09:39:38 GMT" time="6.497" errors="0">
  <testcase name="createSession" time="4.418" classname="Xira.Projects"/>
  <testcase name="updateProject" time="1.999" classname="Xira.Projects"/>
  <testcase name="createProject" time="0.0" classname="Xira.Projects">
    <ignored/>
  </testcase> <!-- createProject -->
  <testcase name="getProject" time="0.0" classname="Xira.Projects">
    <ignored/>
  </testcase> <!-- getProject -->
  <testcase name="deleteProhject" time="0.0" classname="Xira.Projects">
    <ignored/>
  </testcase> <!-- deleteProhject -->
</testsuite> <!-- Test3 -->
