<?xml version="1.0" encoding="UTF-8"?>
<!-- Generated by org.testng.reporters.JUnitXMLReporter -->
<testsuite hostname="INW-169" ignored="1" name="Test1" tests="2" failures="0" timestamp="06 Jun 2019 15:38:26 GMT" time="4.938" errors="0">
  <testcase name="createSession" time="4.432" classname="Xira.Projects"/>
  <testcase name="getAllProjects" time="0.412" classname="Xira.Projects"/>
  <testcase name="getProject" time="0.0" classname="Xira.Projects">
    <ignored/>
  </testcase> <!-- getProject -->
</testsuite> <!-- Test1 -->
