<?xml version="1.0" encoding="UTF-8"?>
<!-- Generated by org.testng.reporters.JUnitXMLReporter -->
<testsuite hostname="INW-169" ignored="3" name="Test5" tests="2" failures="0" timestamp="07 Jun 2019 15:47:00 GMT" time="6.965" errors="0">
  <testcase name="createSession" time="5.74" classname="Xira.Projects"/>
  <testcase name="deleteProject" time="1.128" classname="Xira.Projects"/>
  <testcase name="createProject" time="0.0" classname="Xira.Projects">
    <ignored/>
  </testcase> <!-- createProject -->
  <testcase name="getProject" time="0.0" classname="Xira.Projects">
    <ignored/>
  </testcase> <!-- getProject -->
  <testcase name="updateProject" time="0.0" classname="Xira.Projects">
    <ignored/>
  </testcase> <!-- updateProject -->
</testsuite> <!-- Test5 -->
